11/6/2023, 12:07:25 PM [error]: Error verifying access token:
11/6/2023, 12:07:31 PM [error]: Error verifying access token: getaddrinfo ENOTFOUND www.googleapis.com
11/6/2023, 12:07:57 PM [error]: Error verifying access token: getaddrinfo ENOTFOUND www.googleapis.com
11/6/2023, 12:09:06 PM [error]: Error verifying access token: getaddrinfo ENOTFOUND www.googleapis.com
11/6/2023, 12:09:19 PM [error]: Error verifying access token: getaddrinfo ENOTFOUND www.googleapis.com
11/6/2023, 12:09:47 PM [error]: Error verifying access token: getaddrinfo ENOTFOUND www.googleapis.com
11/6/2023, 12:54:14 PM [error]: Error verifying access token: Request failed with status code 401
11/6/2023, 12:54:42 PM [error]: Error verifying access token: Request failed with status code 401
11/6/2023, 12:54:48 PM [error]: Error verifying access token: Request failed with status code 401
11/6/2023, 12:55:35 PM [error]: Error verifying access token: Request failed with status code 401
11/6/2023, 12:57:25 PM [error]: Error verifying access token: Request failed with status code 401
11/6/2023, 12:57:26 PM [error]: Error verifying access token: Request failed with status code 401
11/6/2023, 12:59:50 PM [error]: Error verifying access token: Request failed with status code 401
11/6/2023, 1:02:38 PM [error]: Error verifying access token: Request failed with status code 401
11/6/2023, 1:06:19 PM [error]: Error verifying access token: Request failed with status code 401
11/6/2023, 1:06:29 PM [error]: Error verifying access token: Request failed with status code 401
11/6/2023, 1:06:37 PM [error]: Error verifying access token: Request failed with status code 401
11/6/2023, 1:06:54 PM [error]: Error verifying access token: Request failed with status code 401
11/6/2023, 1:07:21 PM [error]: Error verifying access token: Request failed with status code 401
11/14/2023, 12:24:45 PM [error]: Error while fetching campaign: Cast to ObjectId failed for value "null" (type string) at path "_id" for model "Campaign"
11/14/2023, 12:24:57 PM [error]: Error while fetching campaign: Cast to ObjectId failed for value "null" (type string) at path "_id" for model "Campaign"
11/14/2023, 5:48:23 PM [error]: error
11/14/2023, 5:49:11 PM [error]: Error verifying access token: Operation `googleusers.insertOne()` buffering timed out after 10000ms
11/14/2023, 5:49:54 PM [error]: Error verifying access token: Operation `googleusers.insertOne()` buffering timed out after 10000ms
11/14/2023, 5:50:50 PM [error]: Error verifying access token: Operation `googleusers.insertOne()` buffering timed out after 10000ms
11/14/2023, 5:51:27 PM [error]: Error verifying access token: Operation `googleusers.insertOne()` buffering timed out after 10000ms
11/14/2023, 5:51:47 PM [error]: Error verifying access token: Operation `googleusers.insertOne()` buffering timed out after 10000ms
11/15/2023, 3:30:50 PM [error]: Error verifying access token: Request failed with status code 401
11/15/2023, 3:30:50 PM [error]: Error verifying access token: Request failed with status code 401
